 * M C O D E (June 2024), v1.2 * EXECUTION Thu Jul 11 19:54:12 2024

 Parsing MCODE input file (elwr-caseAP600-fuelA-blanket3.mcodeW.inp)...
 **********************************************************************
 line 001: $ TITLE line
 line 002: TTL ELWR AP600 Model
 line 003: $   CTRL command initial-inp
 line 004: MCD  1   mcnp6  elwr-caseAP600-fuelA-blanket3.inp  o_elwr-caseAP600-fuelA-blanket3.s  
 line 005: $    ORIGEN-COMMAND              ORIGEN-LIBRARY-PATH       decay-lib     gamma-lib 
 line 006: ORG O2_THERM  C:\MCNP_SOURCE\ORIGEN22\LIBS   DECAY.LIB  GXUO2BRM.LIB 
 line 007: $  total#  CELL-ID TYPE    IHM(g)  VOL(cm3)  ORG-XS-LIB
 line 008: CEL  2       11    1     203290    24279   PWRUE.LIB 
 line 009:              21    1     293669    35069   PWRUE.LIB 
 line 010: $ TOTAL VOLUME (cm3) 
 line 011: VOL  59348 
 line 012: $ power density, opt: WGU=W/gIHM, KWL=kW/(liter core)
 line 013: PDE 28.36134 WGU  
 line 014: $ NORMALIZATION option, 1=FLUX, 2=POWER
 line 015: NOR 2 
 line 016: $ Predictor-Corrector option, 1=ON, 0=OFF
 line 017: COR 0 
 line 018: $ opt E=MWd/kg, D=EFPD
 line 019: $ points 0    1    2    3    4    5    6    7
 line 020: DEP  E   0  0.1    1   10   20   30   40   50 
 line 021: NMD       18    36   36   36   36   36   36 
 line 022: STA  0  $  starting point
 line 023: END  7  $    ending point

       LIST OF USER FILES AND DIRECTORIES
       **********************************
 mcode INPUT FILE         elwr-caseAP600-fuelA-blanket3.mcodeW.inp
 INITIAL mcnp INPUT FILE  elwr-caseAP600-fuelA-blanket3.inp
 mcnp SOURCE FILE (opt)   o_elwr-caseAP600-fuelA-blanket3.s
 LOG FILE                 elwr-caseAP600-fuelA-blanket3.mcodeW.log
 CURRENT DIRECTORY        C:\MCNP\dprk-elwr\MCNP\elwr-caseAP600-blanket3\
 mcnp WORKING DIRECTORY   C:\MCNP\dprk-elwr\MCNP\elwr-caseAP600-blanket3\mcnpDIR\
 origen WORKING DIRECTORY C:\MCNP\dprk-elwr\MCNP\elwr-caseAP600-blanket3\orgDIR\
 mcode WORKING DIRECTORY  C:\MCNP\dprk-elwr\MCNP\elwr-caseAP600-blanket3\mcodeDIR\
 mcnp EXECUTUTE COMMAND   mcnp6
 origen EXECUTUTE COMMAND O2_THERM
 origen LIBRARY DIRECTORY C:\MCNP_SOURCE\ORIGEN22\LIBS\
 origen DECAY LIBRARY     DECAY.LIB
 origen CROSS SECTION LIB PWRUE.LIB
                          PWRUE.LIB
 origen GAMMA LIBRARY     GXUO2BRM.LIB

 ECHO OF PARSED MCODE INPUT FILE (elwr-caseAP600-fuelA-blanket3.mcodeW.inp)...
 *****************************************************************************

 Title string = ELWR AP600 Model 

 Total number of time-dependent mcnp cells = 2

 CellID   CellType    IHMmass(g)    CellVol(cm^3)     ORG-XS-LIB
   11        1            203290          24279        PWRUE.LIB
   21        1            293669          35069        PWRUE.LIB

 Total mass of initial heavy metal = 496959 grams
 Total volume of entire system = 59348 cm^3
                Power density  = 237.488 kW/liter
                Specific power = 28.3613 W/gIHM
 Total power  of entire system = 14094.4 kW

 POWER normalization!

 predictor-corrector algorithm OFF!

 Total number of depletion points = 8
  TIMESTEP  1:  0 ->  1 ( 18 micro-steps):       0 ->     0.1 MWd/kg;       0 -> 3.52593 days
  TIMESTEP  2:  1 ->  2 ( 36 micro-steps):     0.1 ->       1 MWd/kg; 3.52593 -> 35.2593 days
  TIMESTEP  3:  2 ->  3 ( 36 micro-steps):       1 ->      10 MWd/kg; 35.2593 -> 352.593 days
  TIMESTEP  4:  3 ->  4 ( 36 micro-steps):      10 ->      20 MWd/kg; 352.593 -> 705.185 days
  TIMESTEP  5:  4 ->  5 ( 36 micro-steps):      20 ->      30 MWd/kg; 705.185 -> 1057.78 days
  TIMESTEP  6:  5 ->  6 ( 36 micro-steps):      30 ->      40 MWd/kg; 1057.78 -> 1410.37 days
  TIMESTEP  7:  6 ->  7 ( 36 micro-steps):      40 ->      50 MWd/kg; 1410.37 -> 1762.96 days

 START point = 0
 END point   = 7


 MCNP MATERIAL NUMBERS ECHO...
 *****************************
     Cell-ID         MT-ID    
        11            101
        21            102
 -----------------------------
 Total number of cells = 2

 ***ORIGEN SEGMENT CODES (AP,ACT,FP)***
       DECAY.LIB:   1   2   3
       PWRUE.LIB: 604 605 606   (mcnp cell 11)
       PWRUE.LIB: 604 605 6